<?xml version="1.0" encoding="UTF-8"?>
<testng-results ignored="0" total="4" passed="4" failed="0" skipped="0">
  <reporter-output>
  </reporter-output>
  <suite started-at="2024-11-20T16:02:48 IST" name="Default suite" finished-at="2024-11-20T16:02:54 IST" duration-ms="6470">
    <groups>
    </groups>
    <test started-at="2024-11-20T16:02:48 IST" name="Default test" finished-at="2024-11-20T16:02:54 IST" duration-ms="6470">
      <class name="basics.LearnDataDrivenTesting">
        <test-method signature="demoA(java.lang.String,java.lang.String)[pri:0, instance:basics.LearnDataDrivenTesting@3a52dba3]" started-at="2024-11-20T16:02:48 IST" name="demoA" data-provider="getData" finished-at="2024-11-20T16:02:50 IST" duration-ms="1777" status="PASS">
          <params>
            <param index="0">
              <value>
                <![CDATA[admin]]>
              </value>
            </param>
            <param index="1">
              <value>
                <![CDATA[manager]]>
              </value>
            </param>
          </params>
          <reporter-output>
          </reporter-output>
        </test-method> <!-- demoA -->
        <test-method signature="demoA(java.lang.String,java.lang.String)[pri:0, instance:basics.LearnDataDrivenTesting@3a52dba3]" started-at="2024-11-20T16:02:50 IST" name="demoA" data-provider="getData" finished-at="2024-11-20T16:02:51 IST" duration-ms="1589" status="PASS">
          <params>
            <param index="0">
              <value>
                <![CDATA[Dhoni]]>
              </value>
            </param>
            <param index="1">
              <value>
                <![CDATA[Gambhir]]>
              </value>
            </param>
          </params>
          <reporter-output>
          </reporter-output>
        </test-method> <!-- demoA -->
        <test-method signature="demoA(java.lang.String,java.lang.String)[pri:0, instance:basics.LearnDataDrivenTesting@3a52dba3]" started-at="2024-11-20T16:02:51 IST" name="demoA" data-provider="getData" finished-at="2024-11-20T16:02:53 IST" duration-ms="1510" status="PASS">
          <params>
            <param index="0">
              <value>
                <![CDATA[Darshan]]>
              </value>
            </param>
            <param index="1">
              <value>
                <![CDATA[6106]]>
              </value>
            </param>
          </params>
          <reporter-output>
          </reporter-output>
        </test-method> <!-- demoA -->
        <test-method signature="demoA(java.lang.String,java.lang.String)[pri:0, instance:basics.LearnDataDrivenTesting@3a52dba3]" started-at="2024-11-20T16:02:53 IST" name="demoA" data-provider="getData" finished-at="2024-11-20T16:02:54 IST" duration-ms="1535" status="PASS">
          <params>
            <param index="0">
              <value>
                <![CDATA[Dinga]]>
              </value>
            </param>
            <param index="1">
              <value>
                <![CDATA[Dingi]]>
              </value>
            </param>
          </params>
          <reporter-output>
          </reporter-output>
        </test-method> <!-- demoA -->
      </class> <!-- basics.LearnDataDrivenTesting -->
    </test> <!-- Default test -->
  </suite> <!-- Default suite -->
</testng-results>
