<?xml version="1.0" encoding="UTF-8"?>
<!-- Generated by org.testng.reporters.JUnitXMLReporter -->
<testsuite ignored="0" hostname="Desktop-Monitor-1st-Floor-Room3" failures="0" tests="4" name="Default test" time="6.47" errors="0" timestamp="2024-11-20T16:02:54 IST">
  <testcase classname="basics.LearnDataDrivenTesting" name="demoA" time="1.777"/>
  <testcase classname="basics.LearnDataDrivenTesting" name="demoA" time="1.589"/>
  <testcase classname="basics.LearnDataDrivenTesting" name="demoA" time="1.51"/>
  <testcase classname="basics.LearnDataDrivenTesting" name="demoA" time="1.535"/>
</testsuite> <!-- Default test -->
